##################
CORRECT COURSES archive
##################

./execute.sh archive 58f7c69723192 something 5 yes no
Script started...
Checking if there is an in progress file...
Completed checking... Follow the log @ /var/tmp/cloud_learn/58f7c69723192_archive.log
Setting up watches.
Watches established.
Setting up watches.
Watches established.
  Finish Execution.
Script completed. Please review log at @ /var/tmp/cloud_learn/58f7c69723192_archive.log

Creating required folders...
Installing dependencies...
Killing old monitors...

Starting Archive/Export Process
  Downloading feed file from S3...
  Testing feed file...
  Creating Monitor of zip creations...
  Creating Monitor of logs creations...
  Giving the right permissions to the monitors...
  Uploading modified feed file...
  In Progress flag is set to a course...
  Executing the monitors...
  Deleting any course specific log and moving the content-exchange-log to a date backup ...
  Executing the Archive/Export...
    Completed: 1 of 2
    Completed: 2 of 2
    archive took 31 s.
  Checking for errors and fatals in the failed logs...
    There were no fatals in this execution.

TOTAL EXECUTION TIME: 37 s.
