##################
FAILED COURSES restore
##################

./execute_me.sh restore 58f7c69723192 s3://learn-content-store/58f7c69723192/files-restore/ 6 no no
Script started...
Checking if there is an in progress file...
Completed checking... Follow the log @ /var/tmp/cloud_learn/58f7c69723192_restore.log
Setting up watches.
Watches established.
(dryrun) move: s3://learn-content-store/58f7c69723192/files-restore/ArchiveFile_10.201605.zip to s3://learn-content-store/58f7c69723192/restore/6/completed/ArchiveFile_10.201605.zip
  Finish Execution.
Script completed. Please review log at @ /var/tmp/cloud_learn/58f7c69723192_restore.log

Creating required folders...
Installing dependencies...
Killing old monitors...

Starting Import/Restore Process
  Reading the required volume size...
  Modifying the volume size...
    Volume is the required size.
  Downloading Files from S3...
    Download took 22 s.
  No Client Feed file, creating one from the files...
  Looking for broken or corrupted .zip files...
  Looking for duplicate files...
  Giving the right permissions to the monitor...
  Creating Feed file or modifying it based on the duplicate/validity tests...
  Backing up the new feed file...
  In Progress flag is set to a course...
  Executing the monitor...
  Deleting any course specific log and moving the content-exchange-log to a date backup ...
  Executing the Restore/Import...
(dryrun) move: s3://learn-content-store/58f7c69723192/files-restore/ArchiveFile_1000.201605.zip to s3://learn-content-store/58f7c69723192/restore/6/completed/ArchiveFile_1000.201605.zip
    Completed: 1 of 6
(dryrun) move: s3://learn-content-store/58f7c69723192/files-restore/ArchiveFile_1000.201701.zip to s3://learn-content-store/58f7c69723192/restore/6/completed/ArchiveFile_1000.201701.zip
    Completed: 2 of 6
(dryrun) move: s3://learn-content-store/58f7c69723192/files-restore/ArchiveFile_1001.201605.zip to s3://learn-content-store/58f7c69723192/restore/6/completed/ArchiveFile_1001.201605.zip
    Completed: 3 of 6
(dryrun) move: s3://learn-content-store/58f7c69723192/files-restore/ArchiveFile_100.201605.zip to s3://learn-content-store/58f7c69723192/restore/6/completed/ArchiveFile_100.201605.zip
    Completed: 4 of 6
(dryrun) move: s3://learn-content-store/58f7c69723192/files-restore/ArchiveFile_100.201701.zip to s3://learn-content-store/58f7c69723192/restore/6/completed/ArchiveFile_100.201701.zip
    Completed: 5 of 6
    Completed: 6 of 6
    restore took 30 s.
  Checking for errors and fatals in the failed logs...

Failed courses in this batch...

Course failed 1000.201605 with log:
2017-05-17 15:47:00 +0000 - Executed restore for 1000.201605 from /var/tmp/cloud_learn/files/ArchiveFile_1000.201605.zip
2017-05-17 15:47:00 +0000 - Operation output:
2017-05-17 15:47:00 +0000 - ******************************************************************************
2017-05-17 15:47:00 +0000 - May 17, 2017 3:47:00 PM - Fatal: An error has occurred. The error recorded is:
2017-05-17 15:47:00 +0000 - 	Restore operation requires a new destination course.
2017-05-17 15:47:00 +0000 - 	For more information, see the detailed log.
2017-05-17 15:47:00 +0000 - May 17, 2017 3:47:00 PM - Status: The operation restore did not complete.


Course failed 1000.201701 with log:
2017-05-17 15:47:01 +0000 - Executed restore for 1000.201701 from /var/tmp/cloud_learn/files/ArchiveFile_1000.201701.zip
2017-05-17 15:47:01 +0000 - Operation output:
2017-05-17 15:47:01 +0000 - ******************************************************************************
2017-05-17 15:47:01 +0000 - May 17, 2017 3:47:01 PM - Fatal: An error has occurred. The error recorded is:
2017-05-17 15:47:01 +0000 - 	Restore operation requires a new destination course.
2017-05-17 15:47:01 +0000 - 	For more information, see the detailed log.
2017-05-17 15:47:01 +0000 - May 17, 2017 3:47:01 PM - Status: The operation restore did not complete.


Course failed 1001.201605 with log:
2017-05-17 15:47:05 +0000 - Executed restore for 1001.201605 from /var/tmp/cloud_learn/files/ArchiveFile_1001.201605.zip
2017-05-17 15:47:05 +0000 - Operation output:
2017-05-17 15:47:05 +0000 - ******************************************************************************
2017-05-17 15:47:05 +0000 - May 17, 2017 3:47:05 PM - Fatal: An error has occurred. The error recorded is:
2017-05-17 15:47:05 +0000 - 	Restore operation requires a new destination course.
2017-05-17 15:47:05 +0000 - 	For more information, see the detailed log.
2017-05-17 15:47:05 +0000 - May 17, 2017 3:47:05 PM - Status: The operation restore did not complete.


Course failed 100.201605 with log:
2017-05-17 15:47:05 +0000 - Executed restore for 100.201605 from /var/tmp/cloud_learn/files/ArchiveFile_100.201605.zip
2017-05-17 15:47:05 +0000 - Operation output:
2017-05-17 15:47:05 +0000 - ******************************************************************************
2017-05-17 15:47:05 +0000 - May 17, 2017 3:47:05 PM - Fatal: An error has occurred. The error recorded is:
2017-05-17 15:47:05 +0000 - 	Restore operation requires a new destination course.
2017-05-17 15:47:05 +0000 - 	For more information, see the detailed log.
2017-05-17 15:47:05 +0000 - May 17, 2017 3:47:05 PM - Status: The operation restore did not complete.


Course failed 100.201701 with log:
2017-05-17 15:47:05 +0000 - Executed restore for 100.201701 from /var/tmp/cloud_learn/files/ArchiveFile_100.201701.zip
2017-05-17 15:47:05 +0000 - Operation output:
2017-05-17 15:47:05 +0000 - ******************************************************************************
2017-05-17 15:47:05 +0000 - May 17, 2017 3:47:05 PM - Fatal: An error has occurred. The error recorded is:
2017-05-17 15:47:05 +0000 - 	Restore operation requires a new destination course.
2017-05-17 15:47:05 +0000 - 	For more information, see the detailed log.
2017-05-17 15:47:05 +0000 - May 17, 2017 3:47:05 PM - Status: The operation restore did not complete.


Course failed 10.201605 with log:
2017-05-17 15:47:06 +0000 - Executed restore for 10.201605 from /var/tmp/cloud_learn/files/ArchiveFile_10.201605.zip
2017-05-17 15:47:06 +0000 - Operation output:
2017-05-17 15:47:06 +0000 - ******************************************************************************
2017-05-17 15:47:06 +0000 - May 17, 2017 3:47:05 PM - Fatal: An error has occurred. The error recorded is:
2017-05-17 15:47:06 +0000 - 	Restore operation requires a new destination course.
2017-05-17 15:47:06 +0000 - 	For more information, see the detailed log.
2017-05-17 15:47:06 +0000 - May 17, 2017 3:47:06 PM - Status: The operation restore did not complete.




TOTAL EXECUTION TIME: 78 s.
